11/23/2020 00:50:21 - INFO[org.springframework.boot.SpringApplication] 
  .   ____          _            __ _ _
 /\\ / ___'_ __ _ _(_)_ __  __ _ \ \ \ \
( ( )\___ | '_ | '_| | '_ \/ _` | \ \ \ \
 \\/  ___)| |_)| | | | | || (_| |  ) ) ) )
  '  |____| .__|_| |_|_| |_\__, | / / / /
 =========|_|==============|___/=/_/_/_/
[32m :: Spring Boot :: [39m              [2m (v2.4.0)[0;39m


11/23/2020 00:50:21 - INFO[io.fullstackexp.ppm.PpmApplication] Starting PpmApplication using Java 15.0.1 on Nikhils-MacBook-Pro.local with PID 7259 (/Users/nnaik/Development/Projects/Java/ppm/target/classes started by nnaik in /Users/nnaik/Development/Projects/Java/ppm)
11/23/2020 00:50:21 - DEBUG[io.fullstackexp.ppm.PpmApplication] Running with Spring Boot v2.4.0, Spring v5.3.1
11/23/2020 00:50:21 - INFO[io.fullstackexp.ppm.PpmApplication] The following profiles are active: dev
11/23/2020 00:50:21 - INFO[org.springframework.boot.devtools.env.DevToolsPropertyDefaultsPostProcessor] Devtools property defaults active! Set 'spring.devtools.add-properties' to 'false' to disable
11/23/2020 00:50:21 - INFO[org.springframework.boot.devtools.env.DevToolsPropertyDefaultsPostProcessor] For additional web related logging consider setting the 'logging.level.web' property to 'DEBUG'
11/23/2020 00:50:21 - INFO[org.springframework.boot.web.embedded.tomcat.TomcatWebServer] Tomcat initialized with port(s): 8080 (http)
11/23/2020 00:50:21 - INFO[org.springframework.boot.web.servlet.context.ServletWebServerApplicationContext] Root WebApplicationContext: initialization completed in 813 ms
11/23/2020 00:50:22 - WARN[org.springframework.boot.autoconfigure.orm.jpa.JpaBaseConfiguration$JpaWebConfiguration] spring.jpa.open-in-view is enabled by default. Therefore, database queries may be performed during view rendering. Explicitly configure spring.jpa.open-in-view to disable this warning
11/23/2020 00:50:22 - INFO[org.springframework.boot.devtools.autoconfigure.OptionalLiveReloadServer] LiveReload server is running on port 35729
11/23/2020 00:50:22 - INFO[org.springframework.boot.web.embedded.tomcat.TomcatWebServer] Tomcat started on port(s): 8080 (http) with context path ''
11/23/2020 00:50:22 - INFO[io.fullstackexp.ppm.PpmApplication] Started PpmApplication in 2.243 seconds (JVM running for 2.503)
11/23/2020 00:52:09 - INFO[org.springframework.boot.SpringApplication] 
  .   ____          _            __ _ _
 /\\ / ___'_ __ _ _(_)_ __  __ _ \ \ \ \
( ( )\___ | '_ | '_| | '_ \/ _` | \ \ \ \
 \\/  ___)| |_)| | | | | || (_| |  ) ) ) )
  '  |____| .__|_| |_|_| |_\__, | / / / /
 =========|_|==============|___/=/_/_/_/
[32m :: Spring Boot :: [39m              [2m (v2.4.0)[0;39m


11/23/2020 00:52:10 - INFO[io.fullstackexp.ppm.PpmApplication] Starting PpmApplication using Java 11.0.9 on Nikhils-MacBook-Pro.local with PID 7386 (/Users/nnaik/Development/Projects/Java/ppm/target/classes started by nnaik in /Users/nnaik/Development/Projects/Java/ppm)
11/23/2020 00:52:10 - DEBUG[io.fullstackexp.ppm.PpmApplication] Running with Spring Boot v2.4.0, Spring v5.3.1
11/23/2020 00:52:10 - INFO[io.fullstackexp.ppm.PpmApplication] The following profiles are active: dev
11/23/2020 00:52:10 - INFO[org.springframework.boot.devtools.env.DevToolsPropertyDefaultsPostProcessor] Devtools property defaults active! Set 'spring.devtools.add-properties' to 'false' to disable
11/23/2020 00:52:10 - INFO[org.springframework.boot.devtools.env.DevToolsPropertyDefaultsPostProcessor] For additional web related logging consider setting the 'logging.level.web' property to 'DEBUG'
11/23/2020 00:52:10 - INFO[org.springframework.boot.web.embedded.tomcat.TomcatWebServer] Tomcat initialized with port(s): 8080 (http)
11/23/2020 00:52:10 - INFO[org.springframework.boot.web.servlet.context.ServletWebServerApplicationContext] Root WebApplicationContext: initialization completed in 923 ms
11/23/2020 00:52:11 - WARN[org.springframework.boot.autoconfigure.orm.jpa.JpaBaseConfiguration$JpaWebConfiguration] spring.jpa.open-in-view is enabled by default. Therefore, database queries may be performed during view rendering. Explicitly configure spring.jpa.open-in-view to disable this warning
11/23/2020 00:52:11 - INFO[org.springframework.boot.devtools.autoconfigure.OptionalLiveReloadServer] LiveReload server is running on port 35729
11/23/2020 00:52:11 - INFO[org.springframework.boot.web.embedded.tomcat.TomcatWebServer] Tomcat started on port(s): 8080 (http) with context path ''
11/23/2020 00:52:11 - INFO[io.fullstackexp.ppm.PpmApplication] Started PpmApplication in 2.336 seconds (JVM running for 3.52)
11/23/2020 00:54:59 - INFO[org.springframework.boot.SpringApplication] 
  .   ____          _            __ _ _
 /\\ / ___'_ __ _ _(_)_ __  __ _ \ \ \ \
( ( )\___ | '_ | '_| | '_ \/ _` | \ \ \ \
 \\/  ___)| |_)| | | | | || (_| |  ) ) ) )
  '  |____| .__|_| |_|_| |_\__, | / / / /
 =========|_|==============|___/=/_/_/_/
[32m :: Spring Boot :: [39m              [2m (v2.4.0)[0;39m


11/23/2020 00:54:59 - INFO[io.fullstackexp.ppm.PpmApplication] Starting PpmApplication using Java 15.0.1 on Nikhils-MacBook-Pro.local with PID 7525 (/Users/nnaik/Development/Projects/Java/ppm/target/classes started by nnaik in /Users/nnaik/Development/Projects/Java/ppm)
11/23/2020 00:54:59 - DEBUG[io.fullstackexp.ppm.PpmApplication] Running with Spring Boot v2.4.0, Spring v5.3.1
11/23/2020 00:54:59 - INFO[io.fullstackexp.ppm.PpmApplication] The following profiles are active: dev
11/23/2020 00:54:59 - INFO[org.springframework.boot.devtools.env.DevToolsPropertyDefaultsPostProcessor] Devtools property defaults active! Set 'spring.devtools.add-properties' to 'false' to disable
11/23/2020 00:54:59 - INFO[org.springframework.boot.devtools.env.DevToolsPropertyDefaultsPostProcessor] For additional web related logging consider setting the 'logging.level.web' property to 'DEBUG'
11/23/2020 00:55:00 - INFO[org.springframework.boot.web.embedded.tomcat.TomcatWebServer] Tomcat initialized with port(s): 8080 (http)
11/23/2020 00:55:00 - INFO[org.springframework.boot.web.servlet.context.ServletWebServerApplicationContext] Root WebApplicationContext: initialization completed in 820 ms
11/23/2020 00:55:00 - WARN[org.springframework.boot.autoconfigure.orm.jpa.JpaBaseConfiguration$JpaWebConfiguration] spring.jpa.open-in-view is enabled by default. Therefore, database queries may be performed during view rendering. Explicitly configure spring.jpa.open-in-view to disable this warning
11/23/2020 00:55:01 - INFO[org.springframework.boot.devtools.autoconfigure.OptionalLiveReloadServer] LiveReload server is running on port 35729
11/23/2020 00:55:01 - INFO[org.springframework.boot.web.embedded.tomcat.TomcatWebServer] Tomcat started on port(s): 8080 (http) with context path ''
11/23/2020 00:55:01 - INFO[io.fullstackexp.ppm.PpmApplication] Started PpmApplication in 2.272 seconds (JVM running for 2.54)
11/23/2020 00:56:43 - INFO[org.springframework.boot.SpringApplication] 
  .   ____          _            __ _ _
 /\\ / ___'_ __ _ _(_)_ __  __ _ \ \ \ \
( ( )\___ | '_ | '_| | '_ \/ _` | \ \ \ \
 \\/  ___)| |_)| | | | | || (_| |  ) ) ) )
  '  |____| .__|_| |_|_| |_\__, | / / / /
 =========|_|==============|___/=/_/_/_/
[32m :: Spring Boot :: [39m              [2m (v2.4.0)[0;39m


11/23/2020 00:56:43 - INFO[io.fullstackexp.ppm.PpmApplication] Starting PpmApplication using Java 15.0.1 on Nikhils-MacBook-Pro.local with PID 7660 (/Users/nnaik/Development/Projects/Java/ppm/target/classes started by nnaik in /Users/nnaik/Development/Projects/Java/ppm)
11/23/2020 00:56:43 - DEBUG[io.fullstackexp.ppm.PpmApplication] Running with Spring Boot v2.4.0, Spring v5.3.1
11/23/2020 00:56:43 - INFO[io.fullstackexp.ppm.PpmApplication] The following profiles are active: dev
11/23/2020 00:56:43 - INFO[org.springframework.boot.devtools.env.DevToolsPropertyDefaultsPostProcessor] Devtools property defaults active! Set 'spring.devtools.add-properties' to 'false' to disable
11/23/2020 00:56:43 - INFO[org.springframework.boot.devtools.env.DevToolsPropertyDefaultsPostProcessor] For additional web related logging consider setting the 'logging.level.web' property to 'DEBUG'
11/23/2020 00:56:43 - INFO[org.springframework.boot.web.embedded.tomcat.TomcatWebServer] Tomcat initialized with port(s): 8080 (http)
11/23/2020 00:56:44 - INFO[org.springframework.boot.web.servlet.context.ServletWebServerApplicationContext] Root WebApplicationContext: initialization completed in 926 ms
11/23/2020 00:56:44 - WARN[org.springframework.boot.autoconfigure.orm.jpa.JpaBaseConfiguration$JpaWebConfiguration] spring.jpa.open-in-view is enabled by default. Therefore, database queries may be performed during view rendering. Explicitly configure spring.jpa.open-in-view to disable this warning
11/23/2020 00:56:44 - INFO[org.springframework.boot.devtools.autoconfigure.OptionalLiveReloadServer] LiveReload server is running on port 35729
11/23/2020 00:56:44 - INFO[org.springframework.boot.web.embedded.tomcat.TomcatWebServer] Tomcat started on port(s): 8080 (http) with context path ''
11/23/2020 00:56:45 - INFO[io.fullstackexp.ppm.PpmApplication] Started PpmApplication in 2.247 seconds (JVM running for 2.515)
11/23/2020 01:01:47 - INFO[org.springframework.boot.SpringApplication] 
  .   ____          _            __ _ _
 /\\ / ___'_ __ _ _(_)_ __  __ _ \ \ \ \
( ( )\___ | '_ | '_| | '_ \/ _` | \ \ \ \
 \\/  ___)| |_)| | | | | || (_| |  ) ) ) )
  '  |____| .__|_| |_|_| |_\__, | / / / /
 =========|_|==============|___/=/_/_/_/
[32m :: Spring Boot :: [39m              [2m (v2.4.0)[0;39m


11/23/2020 01:01:47 - INFO[io.fullstackexp.ppm.PpmApplication] Starting PpmApplication using Java 15.0.1 on Nikhils-MacBook-Pro.local with PID 7860 (/Users/nnaik/Development/Projects/Java/ppm/target/classes started by nnaik in /Users/nnaik/Development/Projects/Java/ppm)
11/23/2020 01:01:47 - DEBUG[io.fullstackexp.ppm.PpmApplication] Running with Spring Boot v2.4.0, Spring v5.3.1
11/23/2020 01:01:47 - INFO[io.fullstackexp.ppm.PpmApplication] The following profiles are active: dev
11/23/2020 01:01:47 - INFO[org.springframework.boot.devtools.env.DevToolsPropertyDefaultsPostProcessor] Devtools property defaults active! Set 'spring.devtools.add-properties' to 'false' to disable
11/23/2020 01:01:47 - INFO[org.springframework.boot.devtools.env.DevToolsPropertyDefaultsPostProcessor] For additional web related logging consider setting the 'logging.level.web' property to 'DEBUG'
11/23/2020 01:01:48 - INFO[org.springframework.boot.web.embedded.tomcat.TomcatWebServer] Tomcat initialized with port(s): 8080 (http)
11/23/2020 01:01:48 - INFO[org.springframework.boot.web.servlet.context.ServletWebServerApplicationContext] Root WebApplicationContext: initialization completed in 754 ms
11/23/2020 01:01:48 - WARN[org.springframework.boot.autoconfigure.orm.jpa.JpaBaseConfiguration$JpaWebConfiguration] spring.jpa.open-in-view is enabled by default. Therefore, database queries may be performed during view rendering. Explicitly configure spring.jpa.open-in-view to disable this warning
11/23/2020 01:01:49 - INFO[org.springframework.boot.devtools.autoconfigure.OptionalLiveReloadServer] LiveReload server is running on port 35729
11/23/2020 01:01:49 - INFO[org.springframework.boot.web.embedded.tomcat.TomcatWebServer] Tomcat started on port(s): 8080 (http) with context path ''
11/23/2020 01:01:49 - INFO[io.fullstackexp.ppm.PpmApplication] Started PpmApplication in 2.128 seconds (JVM running for 2.388)
11/23/2020 01:04:20 - INFO[org.springframework.boot.SpringApplication]  [33mSTARTING THE APPLICATION
 [34m
,------.  ,------.  ,--.   ,--.     ,---.                   ,--. ,--.                   ,--.   ,--.
|  .--. ' |  .--. ' |   `.'   |    /  O  \   ,---.   ,---.  |  | `--'  ,---.  ,--,--. ,-'  '-. `--'  ,---.  ,--,--,
|  '--' | |  '--' | |  |'.'|  |   |  .-.  | | .-. | | .-. | |  | ,--. | .--' ' ,-.  | '-.  .-' ,--. | .-. | |      \
|  | --'  |  | --'  |  |   |  |   |  | |  | | '-' ' | '-' ' |  | |  | \ `--. \ '-'  |   |  |   |  | ' '-' ' |  ||  |
`--'      `--'      `--'   `--'   `--' `--' |  |-'  |  |-'  `--' `--'  `---'  `--`--'   `--'   `--'  `---'  `--''--'
                                            `--'    `--'
 [32mApplication         : ${name}
 [32mApplication Version : ${version}
 [32mSpring Boot Version : 2.4.0
 [32mSpring Boot Formatted Version :  (v2.4.0)

 [33m*********************************************************************************************************
 [30m

11/23/2020 01:04:20 - INFO[io.fullstackexp.ppm.PpmApplication] Starting PpmApplication using Java 15.0.1 on Nikhils-MacBook-Pro.local with PID 8052 (/Users/nnaik/Development/Projects/Java/ppm/target/classes started by nnaik in /Users/nnaik/Development/Projects/Java/ppm)
11/23/2020 01:04:20 - DEBUG[io.fullstackexp.ppm.PpmApplication] Running with Spring Boot v2.4.0, Spring v5.3.1
11/23/2020 01:04:20 - INFO[io.fullstackexp.ppm.PpmApplication] The following profiles are active: dev
11/23/2020 01:04:20 - INFO[org.springframework.boot.devtools.env.DevToolsPropertyDefaultsPostProcessor] Devtools property defaults active! Set 'spring.devtools.add-properties' to 'false' to disable
11/23/2020 01:04:20 - INFO[org.springframework.boot.devtools.env.DevToolsPropertyDefaultsPostProcessor] For additional web related logging consider setting the 'logging.level.web' property to 'DEBUG'
11/23/2020 01:04:21 - INFO[org.springframework.boot.web.embedded.tomcat.TomcatWebServer] Tomcat initialized with port(s): 8080 (http)
11/23/2020 01:04:21 - INFO[org.springframework.boot.web.servlet.context.ServletWebServerApplicationContext] Root WebApplicationContext: initialization completed in 776 ms
11/23/2020 01:04:21 - WARN[org.springframework.boot.autoconfigure.orm.jpa.JpaBaseConfiguration$JpaWebConfiguration] spring.jpa.open-in-view is enabled by default. Therefore, database queries may be performed during view rendering. Explicitly configure spring.jpa.open-in-view to disable this warning
11/23/2020 01:04:21 - INFO[org.springframework.boot.devtools.autoconfigure.OptionalLiveReloadServer] LiveReload server is running on port 35729
11/23/2020 01:04:21 - INFO[org.springframework.boot.web.embedded.tomcat.TomcatWebServer] Tomcat started on port(s): 8080 (http) with context path ''
11/23/2020 01:04:22 - INFO[io.fullstackexp.ppm.PpmApplication] Started PpmApplication in 2.171 seconds (JVM running for 2.437)
11/23/2020 01:05:35 - INFO[org.springframework.boot.SpringApplication]  [33mSTARTING THE APPLICATION
 [34m
,------.  ,------.  ,--.   ,--.     ,---.                   ,--. ,--.                   ,--.   ,--.
|  .--. ' |  .--. ' |   `.'   |    /  O  \   ,---.   ,---.  |  | `--'  ,---.  ,--,--. ,-'  '-. `--'  ,---.  ,--,--,
|  '--' | |  '--' | |  |'.'|  |   |  .-.  | | .-. | | .-. | |  | ,--. | .--' ' ,-.  | '-.  .-' ,--. | .-. | |      \
|  | --'  |  | --'  |  |   |  |   |  | |  | | '-' ' | '-' ' |  | |  | \ `--. \ '-'  |   |  |   |  | ' '-' ' |  ||  |
`--'      `--'      `--'   `--'   `--' `--' |  |-'  |  |-'  `--' `--'  `---'  `--`--'   `--'   `--'  `---'  `--''--'
                                            `--'    `--'
 [32mApplication         : ${name}
 [32mApplication Version : ${version}
 [32mSpring Boot Version : 2.4.0
 [93m*********************************************************************************************************

11/23/2020 01:05:35 - INFO[io.fullstackexp.ppm.PpmApplication] Starting PpmApplication using Java 15.0.1 on Nikhils-MacBook-Pro.local with PID 8195 (/Users/nnaik/Development/Projects/Java/ppm/target/classes started by nnaik in /Users/nnaik/Development/Projects/Java/ppm)
11/23/2020 01:05:35 - DEBUG[io.fullstackexp.ppm.PpmApplication] Running with Spring Boot v2.4.0, Spring v5.3.1
11/23/2020 01:05:35 - INFO[io.fullstackexp.ppm.PpmApplication] The following profiles are active: dev
11/23/2020 01:05:35 - INFO[org.springframework.boot.devtools.env.DevToolsPropertyDefaultsPostProcessor] Devtools property defaults active! Set 'spring.devtools.add-properties' to 'false' to disable
11/23/2020 01:05:35 - INFO[org.springframework.boot.devtools.env.DevToolsPropertyDefaultsPostProcessor] For additional web related logging consider setting the 'logging.level.web' property to 'DEBUG'
11/23/2020 01:05:36 - INFO[org.springframework.boot.web.embedded.tomcat.TomcatWebServer] Tomcat initialized with port(s): 8080 (http)
11/23/2020 01:05:36 - INFO[org.springframework.boot.web.servlet.context.ServletWebServerApplicationContext] Root WebApplicationContext: initialization completed in 798 ms
11/23/2020 01:05:36 - WARN[org.springframework.boot.autoconfigure.orm.jpa.JpaBaseConfiguration$JpaWebConfiguration] spring.jpa.open-in-view is enabled by default. Therefore, database queries may be performed during view rendering. Explicitly configure spring.jpa.open-in-view to disable this warning
11/23/2020 01:05:37 - INFO[org.springframework.boot.devtools.autoconfigure.OptionalLiveReloadServer] LiveReload server is running on port 35729
11/23/2020 01:05:37 - INFO[org.springframework.boot.web.embedded.tomcat.TomcatWebServer] Tomcat started on port(s): 8080 (http) with context path ''
11/23/2020 01:05:37 - INFO[io.fullstackexp.ppm.PpmApplication] Started PpmApplication in 2.001 seconds (JVM running for 2.266)
11/23/2020 01:06:08 - INFO[org.springframework.boot.SpringApplication]  [33mSTARTING THE APPLICATION
 [34m
,------.  ,------.  ,--.   ,--.     ,---.                   ,--. ,--.                   ,--.   ,--.
|  .--. ' |  .--. ' |   `.'   |    /  O  \   ,---.   ,---.  |  | `--'  ,---.  ,--,--. ,-'  '-. `--'  ,---.  ,--,--,
|  '--' | |  '--' | |  |'.'|  |   |  .-.  | | .-. | | .-. | |  | ,--. | .--' ' ,-.  | '-.  .-' ,--. | .-. | |      \
|  | --'  |  | --'  |  |   |  |   |  | |  | | '-' ' | '-' ' |  | |  | \ `--. \ '-'  |   |  |   |  | ' '-' ' |  ||  |
`--'      `--'      `--'   `--'   `--' `--' |  |-'  |  |-'  `--' `--'  `---'  `--`--'   `--'   `--'  `---'  `--''--'
                                            `--'    `--'
 [32mApplication         : ${name}
 [32mApplication Version : ${version}
 [32mSpring Boot Version : 2.4.0
 ${Ansi.ORANGE}*********************************************************************************************************
 [93m

11/23/2020 01:06:08 - INFO[io.fullstackexp.ppm.PpmApplication] Starting PpmApplication using Java 15.0.1 on Nikhils-MacBook-Pro.local with PID 8325 (/Users/nnaik/Development/Projects/Java/ppm/target/classes started by nnaik in /Users/nnaik/Development/Projects/Java/ppm)
11/23/2020 01:06:08 - DEBUG[io.fullstackexp.ppm.PpmApplication] Running with Spring Boot v2.4.0, Spring v5.3.1
11/23/2020 01:06:08 - INFO[io.fullstackexp.ppm.PpmApplication] The following profiles are active: dev
11/23/2020 01:06:08 - INFO[org.springframework.boot.devtools.env.DevToolsPropertyDefaultsPostProcessor] Devtools property defaults active! Set 'spring.devtools.add-properties' to 'false' to disable
11/23/2020 01:06:08 - INFO[org.springframework.boot.devtools.env.DevToolsPropertyDefaultsPostProcessor] For additional web related logging consider setting the 'logging.level.web' property to 'DEBUG'
11/23/2020 01:06:08 - INFO[org.springframework.boot.web.embedded.tomcat.TomcatWebServer] Tomcat initialized with port(s): 8080 (http)
11/23/2020 01:06:08 - INFO[org.springframework.boot.web.servlet.context.ServletWebServerApplicationContext] Root WebApplicationContext: initialization completed in 757 ms
11/23/2020 01:06:09 - WARN[org.springframework.boot.autoconfigure.orm.jpa.JpaBaseConfiguration$JpaWebConfiguration] spring.jpa.open-in-view is enabled by default. Therefore, database queries may be performed during view rendering. Explicitly configure spring.jpa.open-in-view to disable this warning
11/23/2020 01:06:09 - INFO[org.springframework.boot.devtools.autoconfigure.OptionalLiveReloadServer] LiveReload server is running on port 35729
11/23/2020 01:06:09 - INFO[org.springframework.boot.web.embedded.tomcat.TomcatWebServer] Tomcat started on port(s): 8080 (http) with context path ''
11/23/2020 01:06:09 - INFO[io.fullstackexp.ppm.PpmApplication] Started PpmApplication in 1.941 seconds (JVM running for 2.2)
11/23/2020 01:09:40 - INFO[org.springframework.boot.SpringApplication]  [33mSTARTING THE APPLICATION
 [34m
,------.  ,------.  ,--.   ,--.     ,---.                   ,--. ,--.                   ,--.   ,--.
|  .--. ' |  .--. ' |   `.'   |    /  O  \   ,---.   ,---.  |  | `--'  ,---.  ,--,--. ,-'  '-. `--'  ,---.  ,--,--,
|  '--' | |  '--' | |  |'.'|  |   |  .-.  | | .-. | | .-. | |  | ,--. | .--' ' ,-.  | '-.  .-' ,--. | .-. | |      \
|  | --'  |  | --'  |  |   |  |   |  | |  | | '-' ' | '-' ' |  | |  | \ `--. \ '-'  |   |  |   |  | ' '-' ' |  ||  |
`--'      `--'      `--'   `--'   `--' `--' |  |-'  |  |-'  `--' `--'  `---'  `--`--'   `--'   `--'  `---'  `--''--'
                                            `--'    `--'
 [32mApplication         : ${name}
 [32mApplication Version : ${version}
 [32mSpring Boot Version : 2.4.0
 *********************************************************************************************************
 [93m

11/23/2020 01:09:40 - INFO[io.fullstackexp.ppm.PpmApplication] Starting PpmApplication using Java 15.0.1 on Nikhils-MacBook-Pro.local with PID 8492 (/Users/nnaik/Development/Projects/Java/ppm/target/classes started by nnaik in /Users/nnaik/Development/Projects/Java/ppm)
11/23/2020 01:09:40 - DEBUG[io.fullstackexp.ppm.PpmApplication] Running with Spring Boot v2.4.0, Spring v5.3.1
11/23/2020 01:09:40 - INFO[io.fullstackexp.ppm.PpmApplication] The following profiles are active: dev
11/23/2020 01:09:40 - INFO[org.springframework.boot.devtools.env.DevToolsPropertyDefaultsPostProcessor] Devtools property defaults active! Set 'spring.devtools.add-properties' to 'false' to disable
11/23/2020 01:09:40 - INFO[org.springframework.boot.devtools.env.DevToolsPropertyDefaultsPostProcessor] For additional web related logging consider setting the 'logging.level.web' property to 'DEBUG'
11/23/2020 01:09:40 - INFO[org.springframework.boot.web.embedded.tomcat.TomcatWebServer] Tomcat initialized with port(s): 8080 (http)
11/23/2020 01:09:40 - INFO[org.springframework.boot.web.servlet.context.ServletWebServerApplicationContext] Root WebApplicationContext: initialization completed in 762 ms
11/23/2020 01:09:41 - WARN[org.springframework.boot.autoconfigure.orm.jpa.JpaBaseConfiguration$JpaWebConfiguration] spring.jpa.open-in-view is enabled by default. Therefore, database queries may be performed during view rendering. Explicitly configure spring.jpa.open-in-view to disable this warning
11/23/2020 01:09:41 - INFO[org.springframework.boot.devtools.autoconfigure.OptionalLiveReloadServer] LiveReload server is running on port 35729
11/23/2020 01:09:41 - INFO[org.springframework.boot.web.embedded.tomcat.TomcatWebServer] Tomcat started on port(s): 8080 (http) with context path ''
11/23/2020 01:09:41 - INFO[io.fullstackexp.ppm.PpmApplication] Started PpmApplication in 2.1 seconds (JVM running for 2.353)
11/23/2020 01:11:20 - INFO[org.springframework.boot.SpringApplication]  [33mSTARTING THE APPLICATION
 [34m
,------.  ,------.  ,--.   ,--.     ,---.                   ,--. ,--.                   ,--.   ,--.
|  .--. ' |  .--. ' |   `.'   |    /  O  \   ,---.   ,---.  |  | `--'  ,---.  ,--,--. ,-'  '-. `--'  ,---.  ,--,--,
|  '--' | |  '--' | |  |'.'|  |   |  .-.  | | .-. | | .-. | |  | ,--. | .--' ' ,-.  | '-.  .-' ,--. | .-. | |      \
|  | --'  |  | --'  |  |   |  |   |  | |  | | '-' ' | '-' ' |  | |  | \ `--. \ '-'  |   |  |   |  | ' '-' ' |  ||  |
`--'      `--'      `--'   `--'   `--' `--' |  |-'  |  |-'  `--' `--'  `---'  `--`--'   `--'   `--'  `---'  `--''--'
                                            `--'    `--'
 [32mApplication         : application.name
 [32mApplication Version : application.version
 [32mSpring Boot Version : 2.4.0
 *********************************************************************************************************
 [93m

11/23/2020 01:11:20 - INFO[io.fullstackexp.ppm.PpmApplication] Starting PpmApplication using Java 15.0.1 on Nikhils-MacBook-Pro.local with PID 8635 (/Users/nnaik/Development/Projects/Java/ppm/target/classes started by nnaik in /Users/nnaik/Development/Projects/Java/ppm)
11/23/2020 01:11:20 - DEBUG[io.fullstackexp.ppm.PpmApplication] Running with Spring Boot v2.4.0, Spring v5.3.1
11/23/2020 01:11:20 - INFO[io.fullstackexp.ppm.PpmApplication] The following profiles are active: dev
11/23/2020 01:11:20 - INFO[org.springframework.boot.devtools.env.DevToolsPropertyDefaultsPostProcessor] Devtools property defaults active! Set 'spring.devtools.add-properties' to 'false' to disable
11/23/2020 01:11:20 - INFO[org.springframework.boot.devtools.env.DevToolsPropertyDefaultsPostProcessor] For additional web related logging consider setting the 'logging.level.web' property to 'DEBUG'
11/23/2020 01:11:20 - INFO[org.springframework.boot.web.embedded.tomcat.TomcatWebServer] Tomcat initialized with port(s): 8080 (http)
11/23/2020 01:11:20 - INFO[org.springframework.boot.web.servlet.context.ServletWebServerApplicationContext] Root WebApplicationContext: initialization completed in 806 ms
11/23/2020 01:11:21 - WARN[org.springframework.boot.autoconfigure.orm.jpa.JpaBaseConfiguration$JpaWebConfiguration] spring.jpa.open-in-view is enabled by default. Therefore, database queries may be performed during view rendering. Explicitly configure spring.jpa.open-in-view to disable this warning
11/23/2020 01:11:21 - INFO[org.springframework.boot.devtools.autoconfigure.OptionalLiveReloadServer] LiveReload server is running on port 35729
11/23/2020 01:11:21 - INFO[org.springframework.boot.web.embedded.tomcat.TomcatWebServer] Tomcat started on port(s): 8080 (http) with context path ''
11/23/2020 01:11:21 - INFO[io.fullstackexp.ppm.PpmApplication] Started PpmApplication in 1.981 seconds (JVM running for 2.243)
11/23/2020 01:16:50 - INFO[org.springframework.boot.SpringApplication]  [33mSTARTING THE APPLICATION
 [34m
,------.  ,------.  ,--.   ,--.     ,---.                   ,--. ,--.                   ,--.   ,--.
|  .--. ' |  .--. ' |   `.'   |    /  O  \   ,---.   ,---.  |  | `--'  ,---.  ,--,--. ,-'  '-. `--'  ,---.  ,--,--,
|  '--' | |  '--' | |  |'.'|  |   |  .-.  | | .-. | | .-. | |  | ,--. | .--' ' ,-.  | '-.  .-' ,--. | .-. | |      \
|  | --'  |  | --'  |  |   |  |   |  | |  | | '-' ' | '-' ' |  | |  | \ `--. \ '-'  |   |  |   |  | ' '-' ' |  ||  |
`--'      `--'      `--'   `--'   `--' `--' |  |-'  |  |-'  `--' `--'  `---'  `--`--'   `--'   `--'  `---'  `--''--'
                                            `--'    `--'
 [32mApplication         : PPM
 [32mApplication Version : 1.0
 [32mSpring Boot Version : 2.4.0
 *********************************************************************************************************
 [93m

11/23/2020 01:16:50 - INFO[io.fullstackexp.ppm.PpmApplication] Starting PpmApplication using Java 15.0.1 on Nikhils-MacBook-Pro.local with PID 8817 (/Users/nnaik/Development/Projects/Java/ppm/target/classes started by nnaik in /Users/nnaik/Development/Projects/Java/ppm)
11/23/2020 01:16:50 - DEBUG[io.fullstackexp.ppm.PpmApplication] Running with Spring Boot v2.4.0, Spring v5.3.1
11/23/2020 01:16:50 - INFO[io.fullstackexp.ppm.PpmApplication] The following profiles are active: dev
11/23/2020 01:16:50 - INFO[org.springframework.boot.devtools.env.DevToolsPropertyDefaultsPostProcessor] Devtools property defaults active! Set 'spring.devtools.add-properties' to 'false' to disable
11/23/2020 01:16:50 - INFO[org.springframework.boot.devtools.env.DevToolsPropertyDefaultsPostProcessor] For additional web related logging consider setting the 'logging.level.web' property to 'DEBUG'
11/23/2020 01:16:51 - INFO[org.springframework.boot.web.embedded.tomcat.TomcatWebServer] Tomcat initialized with port(s): 8080 (http)
11/23/2020 01:16:51 - INFO[org.springframework.boot.web.servlet.context.ServletWebServerApplicationContext] Root WebApplicationContext: initialization completed in 790 ms
11/23/2020 01:16:51 - WARN[org.springframework.boot.autoconfigure.orm.jpa.JpaBaseConfiguration$JpaWebConfiguration] spring.jpa.open-in-view is enabled by default. Therefore, database queries may be performed during view rendering. Explicitly configure spring.jpa.open-in-view to disable this warning
11/23/2020 01:16:52 - INFO[org.springframework.boot.devtools.autoconfigure.OptionalLiveReloadServer] LiveReload server is running on port 35729
11/23/2020 01:16:52 - INFO[org.springframework.boot.web.embedded.tomcat.TomcatWebServer] Tomcat started on port(s): 8080 (http) with context path ''
11/23/2020 01:16:52 - INFO[io.fullstackexp.ppm.PpmApplication] Started PpmApplication in 2.149 seconds (JVM running for 2.416)
